\BOOKMARK [0][-]{Doc-Start}{\376\377\000L\000i\000s\000t\000\040\000o\000f\000\040\000F\000i\000g\000u\000r\000e\000s}{}% 1
\BOOKMARK [0][-]{section*.1}{\376\377\000L\000i\000s\000t\000\040\000o\000f\000\040\000F\000i\000g\000u\000r\000e\000s}{}% 2
\BOOKMARK [0][-]{section*.1}{\376\377\000L\000i\000s\000t\000\040\000o\000f\000\040\000T\000a\000b\000l\000e\000s}{}% 3
\BOOKMARK [0][-]{section*.2}{\376\377\000L\000i\000s\000t\000\040\000o\000f\000\040\000T\000a\000b\000l\000e\000s}{}% 4
\BOOKMARK [0][-]{chapter.1}{\376\377\000I\000n\000t\000r\000o\000d\000u\000c\000t\000i\000o\000n}{}% 5
\BOOKMARK [1][-]{section.1.1}{\376\377\000I\000n\000t\000r\000o\000d\000u\000c\000t\000i\000o\000n}{chapter.1}% 6
\BOOKMARK [1][-]{section.1.2}{\376\377\000M\000o\000t\000i\000v\000a\000t\000i\000o\000n}{chapter.1}% 7
\BOOKMARK [1][-]{section.1.3}{\376\377\000A\000p\000p\000l\000i\000c\000a\000t\000i\000o\000n}{chapter.1}% 8
\BOOKMARK [1][-]{section.1.4}{\376\377\000S\000u\000m\000m\000a\000r\000y}{chapter.1}% 9
\BOOKMARK [0][-]{chapter.2}{\376\377\000L\000i\000t\000e\000r\000a\000t\000u\000r\000e\000\040\000R\000e\000v\000i\000e\000w}{}% 10
\BOOKMARK [1][-]{section.2.1}{\376\377\000I\000n\000t\000r\000o\000d\000u\000c\000t\000i\000o\000n}{chapter.2}% 11
\BOOKMARK [1][-]{section.2.2}{\376\377\000B\000a\000c\000k\000g\000r\000o\000u\000n\000d\000\040\000S\000t\000u\000d\000y}{chapter.2}% 12
\BOOKMARK [2][-]{subsection.2.2.1}{\376\377\000S\000o\000f\000t\000w\000a\000r\000e\000\040\000D\000e\000s\000i\000g\000n\000\040\000P\000a\000t\000t\000e\000r\000n}{section.2.2}% 13
\BOOKMARK [1][-]{section.2.3}{\376\377\000S\000u\000m\000m\000a\000r\000y}{chapter.2}% 14
\BOOKMARK [0][-]{chapter.3}{\376\377\000M\000e\000t\000h\000o\000d\000o\000l\000o\000g\000y}{}% 15
\BOOKMARK [1][-]{section.3.1}{\376\377\000M\000e\000t\000h\000o\000d\000o\000l\000o\000g\000y}{chapter.3}% 16
\BOOKMARK [2][-]{subsection.3.1.1}{\376\377\000P\000l\000a\000n\000n\000i\000n\000g}{section.3.1}% 17
\BOOKMARK [2][-]{subsection.3.1.2}{\376\377\000D\000e\000s\000i\000g\000n}{section.3.1}% 18
\BOOKMARK [2][-]{subsection.3.1.3}{\376\377\000I\000m\000p\000l\000e\000m\000e\000n\000t\000a\000t\000i\000o\000n}{section.3.1}% 19
\BOOKMARK [2][-]{subsection.3.1.4}{\376\377\000T\000e\000s\000t\000i\000n\000g}{section.3.1}% 20
\BOOKMARK [2][-]{subsection.3.1.5}{\376\377\000D\000e\000p\000l\000o\000y\000m\000e\000n\000t}{section.3.1}% 21
\BOOKMARK [2][-]{subsection.3.1.6}{\376\377\000F\000u\000t\000u\000r\000e\000\040\000E\000n\000h\000a\000n\000c\000e\000m\000e\000n\000t\000s}{section.3.1}% 22
\BOOKMARK [0][-]{chapter.4}{\376\377\000D\000i\000a\000g\000r\000a\000m}{}% 23
\BOOKMARK [1][-]{section.4.1}{\376\377\000D\000i\000a\000g\000r\000a\000m\000s}{chapter.4}% 24
\BOOKMARK [2][-]{subsection.4.1.1}{\376\377\000U\000M\000L\000\040\000\050\000U\000n\000i\000f\000i\000e\000d\000\040\000M\000o\000d\000e\000l\000i\000n\000g\000\040\000L\000a\000n\000g\000u\000a\000g\000e\000\051}{section.4.1}% 25
\BOOKMARK [2][-]{subsection.4.1.2}{\376\377\000A\000c\000t\000i\000v\000i\000t\000y\000\040\000D\000i\000a\000g\000r\000a\000m}{section.4.1}% 26
\BOOKMARK [2][-]{subsection.4.1.3}{\376\377\000S\000e\000q\000u\000e\000n\000c\000e\000\040\000D\000i\000a\000g\000r\000a\000m}{section.4.1}% 27
\BOOKMARK [2][-]{subsection.4.1.4}{\376\377\000U\000s\000e\000\040\000C\000a\000s\000e\000\040\000D\000i\000a\000g\000r\000a\000m}{section.4.1}% 28
\BOOKMARK [1][-]{section.4.2}{\376\377\000E\000R\000\040\000D\000i\000a\000g\000r\000a\000m}{chapter.4}% 29
\BOOKMARK [0][-]{chapter.5}{\376\377\000I\000m\000p\000l\000e\000m\000e\000n\000t\000a\000t\000i\000o\000n\000\040\000D\000e\000t\000a\000i\000l\000s}{}% 30
\BOOKMARK [1][-]{section.5.1}{\376\377\000L\000o\000g\000i\000n\000\040\000C\000o\000m\000p\000o\000n\000e\000n\000t\000\040\000I\000m\000p\000l\000e\000m\000e\000n\000t\000a\000t\000i\000o\000n}{chapter.5}% 31
\BOOKMARK [2][-]{subsection.5.1.1}{\376\377\000S\000t\000a\000t\000e\000\040\000M\000a\000n\000a\000g\000e\000m\000e\000n\000t}{section.5.1}% 32
\BOOKMARK [2][-]{subsection.5.1.2}{\376\377\000A\000u\000t\000h\000e\000n\000t\000i\000c\000a\000t\000i\000o\000n\000\040\000M\000e\000t\000h\000o\000d\000s}{section.5.1}% 33
\BOOKMARK [2][-]{subsection.5.1.3}{\376\377\000E\000r\000r\000o\000r\000\040\000H\000a\000n\000d\000l\000i\000n\000g}{section.5.1}% 34
\BOOKMARK [2][-]{subsection.5.1.4}{\376\377\000S\000e\000c\000u\000r\000i\000t\000y\000\040\000C\000o\000n\000s\000i\000d\000e\000r\000a\000t\000i\000o\000n\000s}{section.5.1}% 35
\BOOKMARK [1][-]{section.5.2}{\376\377\000U\000s\000e\000r\000\040\000R\000e\000g\000i\000s\000t\000r\000a\000t\000i\000o\000n\000\040\000I\000m\000p\000l\000e\000m\000e\000n\000t\000a\000t\000i\000o\000n}{chapter.5}% 36
\BOOKMARK [2][-]{subsection.5.2.1}{\376\377\000S\000t\000a\000t\000e\000\040\000M\000a\000n\000a\000g\000e\000m\000e\000n\000t}{section.5.2}% 37
\BOOKMARK [2][-]{subsection.5.2.2}{\376\377\000R\000e\000g\000i\000s\000t\000r\000a\000t\000i\000o\000n\000\040\000M\000e\000t\000h\000o\000d\000s}{section.5.2}% 38
\BOOKMARK [2][-]{subsection.5.2.3}{\376\377\000E\000r\000r\000o\000r\000\040\000H\000a\000n\000d\000l\000i\000n\000g}{section.5.2}% 39
\BOOKMARK [2][-]{subsection.5.2.4}{\376\377\000S\000e\000c\000u\000r\000i\000t\000y\000\040\000F\000e\000a\000t\000u\000r\000e\000s}{section.5.2}% 40
\BOOKMARK [2][-]{subsection.5.2.5}{\376\377\000D\000a\000t\000a\000\040\000F\000l\000o\000w}{section.5.2}% 41
\BOOKMARK [1][-]{section.5.3}{\376\377\000A\000P\000I\000\040\000R\000o\000u\000t\000e\000s\000\040\000C\000o\000n\000f\000i\000g\000u\000r\000a\000t\000i\000o\000n}{chapter.5}% 42
\BOOKMARK [1][-]{section.5.4}{\376\377\000A\000u\000t\000h\000\040\000C\000o\000n\000t\000r\000o\000l\000l\000e\000r\000\040\000I\000m\000p\000l\000e\000m\000e\000n\000t\000a\000t\000i\000o\000n}{chapter.5}% 43
\BOOKMARK [2][-]{subsection.5.4.1}{\376\377\000K\000e\000y\000\040\000M\000e\000t\000h\000o\000d\000s}{section.5.4}% 44
\BOOKMARK [2][-]{subsection.5.4.2}{\376\377\000T\000e\000c\000h\000n\000i\000c\000a\000l\000\040\000F\000e\000a\000t\000u\000r\000e\000s}{section.5.4}% 45
\BOOKMARK [1][-]{section.5.5}{\376\377\000P\000a\000c\000k\000a\000g\000e\000\040\000C\000o\000n\000t\000r\000o\000l\000l\000e\000r\000\040\000I\000m\000p\000l\000e\000m\000e\000n\000t\000a\000t\000i\000o\000n}{chapter.5}% 46
\BOOKMARK [2][-]{subsection.5.5.1}{\376\377\000C\000o\000r\000e\000\040\000M\000e\000t\000h\000o\000d\000s}{section.5.5}% 47
\BOOKMARK [2][-]{subsection.5.5.2}{\376\377\000V\000a\000l\000i\000d\000a\000t\000i\000o\000n\000\040\000R\000u\000l\000e\000s}{section.5.5}% 48
\BOOKMARK [2][-]{subsection.5.5.3}{\376\377\000E\000r\000r\000o\000r\000\040\000H\000a\000n\000d\000l\000i\000n\000g}{section.5.5}% 49
\BOOKMARK [2][-]{subsection.5.5.4}{\376\377\000D\000a\000t\000a\000\040\000P\000r\000o\000c\000e\000s\000s\000i\000n\000g}{section.5.5}% 50
\BOOKMARK [2][-]{subsection.5.5.5}{\376\377\000A\000P\000I\000\040\000R\000e\000s\000p\000o\000n\000s\000e\000s}{section.5.5}% 51
\BOOKMARK [1][-]{section.5.6}{\376\377\000B\000o\000o\000k\000i\000n\000g\000\040\000M\000a\000n\000a\000g\000e\000m\000e\000n\000t\000\040\000S\000y\000s\000t\000e\000m}{chapter.5}% 52
\BOOKMARK [2][-]{subsection.5.6.1}{\376\377\000C\000o\000r\000e\000\040\000P\000r\000o\000c\000e\000s\000s\000e\000s}{section.5.6}% 53
\BOOKMARK [2][-]{subsection.5.6.2}{\376\377\000K\000e\000y\000\040\000F\000e\000a\000t\000u\000r\000e\000s}{section.5.6}% 54
\BOOKMARK [2][-]{subsection.5.6.3}{\376\377\000T\000e\000c\000h\000n\000i\000c\000a\000l\000\040\000I\000m\000p\000l\000e\000m\000e\000n\000t\000a\000t\000i\000o\000n}{section.5.6}% 55
\BOOKMARK [1][-]{section.5.7}{\376\377\000B\000o\000o\000k\000i\000n\000g\000\040\000C\000o\000n\000t\000r\000o\000l\000l\000e\000r\000\040\000I\000m\000p\000l\000e\000m\000e\000n\000t\000a\000t\000i\000o\000n}{chapter.5}% 56
\BOOKMARK [2][-]{subsection.5.7.1}{\376\377\000C\000o\000r\000e\000\040\000M\000e\000t\000h\000o\000d\000s}{section.5.7}% 57
\BOOKMARK [2][-]{subsection.5.7.2}{\376\377\000T\000e\000c\000h\000n\000i\000c\000a\000l\000\040\000S\000p\000e\000c\000i\000f\000i\000c\000a\000t\000i\000o\000n\000s}{section.5.7}% 58
\BOOKMARK [2][-]{subsection.5.7.3}{\376\377\000D\000a\000t\000a\000b\000a\000s\000e\000\040\000R\000e\000l\000a\000t\000i\000o\000n\000s}{section.5.7}% 59
\BOOKMARK [1][-]{section.5.8}{\376\377\000F\000r\000o\000n\000t\000e\000n\000d\000\040\000B\000o\000o\000k\000i\000n\000g\000\040\000I\000m\000p\000l\000e\000m\000e\000n\000t\000a\000t\000i\000o\000n}{chapter.5}% 60
\BOOKMARK [2][-]{subsection.5.8.1}{\376\377\000S\000t\000a\000t\000e\000\040\000M\000a\000n\000a\000g\000e\000m\000e\000n\000t}{section.5.8}% 61
\BOOKMARK [2][-]{subsection.5.8.2}{\376\377\000A\000P\000I\000\040\000I\000n\000t\000e\000g\000r\000a\000t\000i\000o\000n}{section.5.8}% 62
\BOOKMARK [2][-]{subsection.5.8.3}{\376\377\000E\000r\000r\000o\000r\000\040\000H\000a\000n\000d\000l\000i\000n\000g}{section.5.8}% 63
\BOOKMARK [2][-]{subsection.5.8.4}{\376\377\000C\000o\000m\000p\000o\000n\000e\000n\000t\000\040\000B\000e\000h\000a\000v\000i\000o\000r}{section.5.8}% 64
\BOOKMARK [0][-]{chapter.6}{\376\377\000T\000e\000s\000t\000i\000n\000g}{}% 65
\BOOKMARK [1][-]{section.6.1}{\376\377\000T\000e\000s\000t\000i\000n\000g}{chapter.6}% 66
\BOOKMARK [1][-]{section.6.2}{\376\377\000U\000n\000i\000t\000\040\000T\000e\000s\000t\000i\000n\000g}{chapter.6}% 67
\BOOKMARK [1][-]{section.6.3}{\376\377\000I\000n\000t\000e\000g\000r\000a\000t\000i\000o\000n\000\040\000T\000e\000s\000t\000i\000n\000g}{chapter.6}% 68
\BOOKMARK [1][-]{section.6.4}{\376\377\000S\000y\000s\000t\000e\000m\000\040\000T\000e\000s\000t\000i\000n\000g}{chapter.6}% 69
\BOOKMARK [1][-]{section.6.5}{\376\377\000U\000s\000e\000r\000\040\000A\000c\000c\000e\000p\000t\000a\000n\000c\000e\000\040\000T\000e\000s\000t\000i\000n\000g}{chapter.6}% 70
\BOOKMARK [1][-]{section.6.6}{\376\377\000T\000e\000s\000t\000\040\000C\000a\000s\000e\000s\000\040\000a\000n\000d\000\040\000R\000e\000s\000u\000l\000t\000s}{chapter.6}% 71
\BOOKMARK [1][-]{section.6.7}{\376\377\000B\000u\000g\000\040\000T\000r\000a\000c\000k\000i\000n\000g\000\040\000a\000n\000d\000\040\000R\000e\000s\000o\000l\000u\000t\000i\000o\000n}{chapter.6}% 72
\BOOKMARK [1][-]{section.6.8}{\376\377\000P\000e\000r\000f\000o\000r\000m\000a\000n\000c\000e\000\040\000a\000n\000d\000\040\000L\000o\000a\000d\000\040\000T\000e\000s\000t\000i\000n\000g}{chapter.6}% 73
\BOOKMARK [1][-]{section.6.9}{\376\377\000S\000e\000c\000u\000r\000i\000t\000y\000\040\000T\000e\000s\000t\000i\000n\000g}{chapter.6}% 74
\BOOKMARK [1][-]{section.6.10}{\376\377\000R\000e\000s\000u\000l\000t}{chapter.6}% 75
\BOOKMARK [0][-]{chapter.7}{\376\377\000C\000h\000a\000l\000l\000e\000n\000g\000e\000s\000\040\000a\000n\000d\000\040\000S\000o\000l\000u\000t\000i\000o\000n\000s}{}% 76
\BOOKMARK [1][-]{section.7.1}{\376\377\000C\000h\000a\000l\000l\000e\000n\000g\000e\000s\000\040\000a\000n\000d\000\040\000S\000o\000l\000u\000t\000i\000o\000n\000s}{chapter.7}% 77
\BOOKMARK [1][-]{section.7.2}{\376\377\000F\000u\000t\000u\000r\000e\000\040\000W\000o\000r\000k}{chapter.7}% 78
\BOOKMARK [0][-]{chapter.8}{\376\377\000C\000o\000n\000c\000l\000u\000s\000i\000o\000n\000\040\000a\000n\000d\000\040\000F\000u\000t\000u\000r\000e\000\040\000W\000o\000r\000k\000s}{}% 79
\BOOKMARK [1][-]{section.8.1}{\376\377\000C\000o\000n\000c\000l\000u\000s\000i\000o\000n}{chapter.8}% 80
\BOOKMARK [1][-]{section.8.2}{\376\377\000F\000u\000t\000u\000r\000e\000\040\000W\000o\000r\000k}{chapter.8}% 81
\BOOKMARK [0][-]{section.8.2}{\376\377\000B\000i\000b\000l\000i\000o\000g\000r\000a\000p\000h\000y}{}% 82
